  main.cpp
H:\code\cpp Projects\Pro_Bhop\Pro_Bhop\cheat\memory.h(23,28): error C2039: 'process': is not a member of 'Memory'
  (compiling source file 'cheat/main.cpp')
      H:\code\cpp Projects\Pro_Bhop\Pro_Bhop\cheat\memory.h(5,7):
      see declaration of 'Memory'
      H:\code\cpp Projects\Pro_Bhop\Pro_Bhop\cheat\memory.h(21,5):
      This diagnostic occurred in the compiler generated function 'T Memory::Read(uintptr_t)'
  
  memory.cpp
H:\code\cpp Projects\Pro_Bhop\Pro_Bhop\cheat\memory.h(23,28): error C2039: 'process': is not a member of 'Memory'
  (compiling source file 'cheat/memory.cpp')
      H:\code\cpp Projects\Pro_Bhop\Pro_Bhop\cheat\memory.h(5,7):
      see declaration of 'Memory'
      H:\code\cpp Projects\Pro_Bhop\Pro_Bhop\cheat\memory.h(21,5):
      This diagnostic occurred in the compiler generated function 'T Memory::Read(uintptr_t)'
  
H:\code\cpp Projects\Pro_Bhop\Pro_Bhop\cheat\memory.cpp(14,8): error C2664: 'int strcmp(const char *,const char *)': cannot convert argument 2 from 'WCHAR [260]' to 'const char *'
      H:\code\cpp Projects\Pro_Bhop\Pro_Bhop\cheat\memory.cpp(14,33):
      Types pointed to are unrelated; conversion requires reinterpret_cast, C-style cast or parenthesized function-style cast
      D:\Windows Kits\10\Include\10.0.22621.0\ucrt\string.h(100,13):
      see declaration of 'strcmp'
      H:\code\cpp Projects\Pro_Bhop\Pro_Bhop\cheat\memory.cpp(14,8):
      while trying to match the argument list '(const char *, WCHAR [260])'
  
H:\code\cpp Projects\Pro_Bhop\Pro_Bhop\cheat\memory.cpp(45,8): error C2664: 'int strcmp(const char *,const char *)': cannot convert argument 2 from 'WCHAR [256]' to 'const char *'
      H:\code\cpp Projects\Pro_Bhop\Pro_Bhop\cheat\memory.cpp(45,32):
      Types pointed to are unrelated; conversion requires reinterpret_cast, C-style cast or parenthesized function-style cast
      D:\Windows Kits\10\Include\10.0.22621.0\ucrt\string.h(100,13):
      see declaration of 'strcmp'
      H:\code\cpp Projects\Pro_Bhop\Pro_Bhop\cheat\memory.cpp(45,8):
      while trying to match the argument list '(const char *, WCHAR [256])'
  
